# JRE version: OpenJDK Runtime Environment (17.0.6) (build 17.0.6+0-b2043.56-10027231)
# Java VM: OpenJDK 64-Bit Server VM (17.0.6+0-b2043.56-10027231, mixed mode, tiered, compressed oops, compressed class ptrs, g1 gc, windows-amd64)
GC Precious Log:
 CPUs: 12 total, 12 available
 Memory: 44949M
 Large Page Support: Disabled
 NUMA Support: Disabled
 Compressed Oops: Enabled (32-bit)
 Heap Region Size: 1M
 Heap Min Capacity: 8M
 Heap Initial Capacity: 704M
 Heap Max Capacity: 2G
 Pre-touch: Disabled
 Parallel Workers: 10
 Concurrent Workers: 3
 Concurrent Refinement Workers: 10
 Periodic GC: Disabled
Heap:
 garbage-first heap   total 130048K, used 80344K [0x0000000080000000, 0x0000000100000000)
  region size 1024K, 54 young (55296K), 13 survivors (13312K)
 Metaspace       used 60722K, committed 61248K, reserved 1105920K
  class space    used 8209K, committed 8448K, reserved 1048576K
GC Heap History (20 events):
Event: 1.199 GC heap before
{Heap before GC invocations=2 (full 0):
 garbage-first heap   total 720896K, used 39400K [0x0000000080000000, 0x0000000100000000)
  region size 1024K, 29 young (29696K), 6 survivors (6144K)
 Metaspace       used 21303K, committed 21504K, reserved 1073152K
  class space    used 2581K, committed 2688K, reserved 1048576K
}
Event: 1.201 GC heap after
{Heap after GC invocations=3 (full 0):
 garbage-first heap   total 720896K, used 18525K [0x0000000080000000, 0x0000000100000000)
  region size 1024K, 8 young (8192K), 8 survivors (8192K)
 Metaspace       used 21303K, committed 21504K, reserved 1073152K
  class space    used 2581K, committed 2688K, reserved 1048576K
}
Event: 1.534 GC heap before
{Heap before GC invocations=4 (full 0):
 garbage-first heap   total 68608K, used 51293K [0x0000000080000000, 0x0000000100000000)
  region size 1024K, 40 young (40960K), 8 survivors (8192K)
 Metaspace       used 26104K, committed 26368K, reserved 1073152K
  class space    used 3358K, committed 3456K, reserved 1048576K
}
Event: 1.537 GC heap after
{Heap after GC invocations=5 (full 0):
 garbage-first heap   total 68608K, used 20272K [0x0000000080000000, 0x0000000100000000)
  region size 1024K, 4 young (4096K), 4 survivors (4096K)
 Metaspace       used 26104K, committed 26368K, reserved 1073152K
  class space    used 3358K, committed 3456K, reserved 1048576K
}
Event: 1.543 GC heap before
{Heap before GC invocations=5 (full 0):
 garbage-first heap   total 68608K, used 21296K [0x0000000080000000, 0x0000000100000000)
  region size 1024K, 5 young (5120K), 4 survivors (4096K)
 Metaspace       used 26198K, committed 26496K, reserved 1073152K
  class space    used 3377K, committed 3520K, reserved 1048576K
}
Event: 1.545 GC heap after
{Heap after GC invocations=6 (full 0):
 garbage-first heap   total 68608K, used 20596K [0x0000000080000000, 0x0000000100000000)
  region size 1024K, 1 young (1024K), 1 survivors (1024K)
 Metaspace       used 26198K, committed 26496K, reserved 1073152K
  class space    used 3377K, committed 3520K, reserved 1048576K
}
Event: 1.819 GC heap before
{Heap before GC invocations=6 (full 0):
 garbage-first heap   total 68608K, used 50292K [0x0000000080000000, 0x0000000100000000)
  region size 1024K, 29 young (29696K), 1 survivors (1024K)
 Metaspace       used 30502K, committed 30784K, reserved 1081344K
  class space    used 4001K, committed 4096K, reserved 1048576K
}
Event: 1.820 GC heap after
{Heap after GC invocations=7 (full 0):
 garbage-first heap   total 68608K, used 21638K [0x0000000080000000, 0x0000000100000000)
  region size 1024K, 2 young (2048K), 2 survivors (2048K)
 Metaspace       used 30502K, committed 30784K, reserved 1081344K
  class space    used 4001K, committed 4096K, reserved 1048576K
}
Event: 2.241 GC heap before
{Heap before GC invocations=7 (full 0):
 garbage-first heap   total 68608K, used 50310K [0x0000000080000000, 0x0000000100000000)
  region size 1024K, 30 young (30720K), 2 survivors (2048K)
 Metaspace       used 35213K, committed 35520K, reserved 1081344K
  class space    used 4592K, committed 4736K, reserved 1048576K
}
Event: 2.243 GC heap after
{Heap after GC invocations=8 (full 0):
 garbage-first heap   total 68608K, used 22425K [0x0000000080000000, 0x0000000100000000)
  region size 1024K, 3 young (3072K), 3 survivors (3072K)
 Metaspace       used 35213K, committed 35520K, reserved 1081344K
  class space    used 4592K, committed 4736K, reserved 1048576K
}
Event: 2.283 GC heap before
{Heap before GC invocations=8 (full 0):
 garbage-first heap   total 68608K, used 26521K [0x0000000080000000, 0x0000000100000000)
  region size 1024K, 8 young (8192K), 3 survivors (3072K)
 Metaspace       used 35778K, committed 36096K, reserved 1081344K
  class space    used 4695K, committed 4864K, reserved 1048576K
}
Event: 2.285 GC heap after
{Heap after GC invocations=9 (full 0):
 garbage-first heap   total 68608K, used 22668K [0x0000000080000000, 0x0000000100000000)
  region size 1024K, 2 young (2048K), 2 survivors (2048K)
 Metaspace       used 35778K, committed 36096K, reserved 1081344K
  class space    used 4695K, committed 4864K, reserved 1048576K
}
Event: 2.558 GC heap before
{Heap before GC invocations=10 (full 0):
 garbage-first heap   total 68608K, used 51340K [0x0000000080000000, 0x0000000100000000)
  region size 1024K, 31 young (31744K), 2 survivors (2048K)
 Metaspace       used 39557K, committed 39872K, reserved 1089536K
  class space    used 5341K, committed 5504K, reserved 1048576K
}
Event: 2.560 GC heap after
{Heap after GC invocations=11 (full 0):
 garbage-first heap   total 68608K, used 23850K [0x0000000080000000, 0x0000000100000000)
  region size 1024K, 3 young (3072K), 3 survivors (3072K)
 Metaspace       used 39557K, committed 39872K, reserved 1089536K
  class space    used 5341K, committed 5504K, reserved 1048576K
}
Event: 2.567 GC heap before
{Heap before GC invocations=11 (full 0):
 garbage-first heap   total 68608K, used 24874K [0x0000000080000000, 0x0000000100000000)
  region size 1024K, 4 young (4096K), 3 survivors (3072K)
 Metaspace       used 39656K, committed 40000K, reserved 1089536K
  class space    used 5359K, committed 5504K, reserved 1048576K
}
Event: 2.568 GC heap after
{Heap after GC invocations=12 (full 0):
 garbage-first heap   total 68608K, used 23882K [0x0000000080000000, 0x0000000100000000)
  region size 1024K, 1 young (1024K), 1 survivors (1024K)
 Metaspace       used 39656K, committed 40000K, reserved 1089536K
  class space    used 5359K, committed 5504K, reserved 1048576K
}
Event: 2.862 GC heap before
{Heap before GC invocations=12 (full 0):
 garbage-first heap   total 68608K, used 52554K [0x0000000080000000, 0x0000000100000000)
  region size 1024K, 30 young (30720K), 1 survivors (1024K)
 Metaspace       used 46440K, committed 46784K, reserved 1097728K
  class space    used 6120K, committed 6272K, reserved 1048576K
}
Event: 2.864 GC heap after
{Heap after GC invocations=13 (full 0):
 garbage-first heap   total 395264K, used 26797K [0x0000000080000000, 0x0000000100000000)
  region size 1024K, 4 young (4096K), 4 survivors (4096K)
 Metaspace       used 46440K, committed 46784K, reserved 1097728K
  class space    used 6120K, committed 6272K, reserved 1048576K
}
Event: 5.474 GC heap before
{Heap before GC invocations=13 (full 0):
 garbage-first heap   total 395264K, used 178349K [0x0000000080000000, 0x0000000100000000)
  region size 1024K, 148 young (151552K), 4 survivors (4096K)
 Metaspace       used 59872K, committed 60288K, reserved 1105920K
  class space    used 8111K, committed 8320K, reserved 1048576K
}
Event: 5.479 GC heap after
{Heap after GC invocations=14 (full 0):
 garbage-first heap   total 395264K, used 36312K [0x0000000080000000, 0x0000000100000000)
  region size 1024K, 13 young (13312K), 13 survivors (13312K)
 Metaspace       used 59872K, committed 60288K, reserved 1105920K
  class space    used 8111K, committed 8320K, reserved 1048576K
}

