# JRE version: OpenJDK Runtime Environment (17.0.6) (build 17.0.6+0-b2043.56-10027231)
# Java VM: OpenJDK 64-Bit Server VM (17.0.6+0-b2043.56-10027231, mixed mode, tiered, compressed oops, compressed class ptrs, g1 gc, windows-amd64)
GC Precious Log:
 CPUs: 12 total, 12 available
 Memory: 44949M
 Large Page Support: Disabled
 NUMA Support: Disabled
 Compressed Oops: Enabled (32-bit)
 Heap Region Size: 1M
 Heap Min Capacity: 8M
 Heap Initial Capacity: 704M
 Heap Max Capacity: 2G
 Pre-touch: Disabled
 Parallel Workers: 10
 Concurrent Workers: 3
 Concurrent Refinement Workers: 10
 Periodic GC: Disabled
Heap:
 garbage-first heap   total 139264K, used 112091K [0x0000000080000000, 0x0000000100000000)
  region size 1024K, 44 young (45056K), 5 survivors (5120K)
 Metaspace       used 72931K, committed 73600K, reserved 1114112K
  class space    used 9840K, committed 10176K, reserved 1048576K
GC Heap History (20 events):
Event: 2.046 GC heap before
{Heap before GC invocations=6 (full 0):
 garbage-first heap   total 68608K, used 52168K [0x0000000080000000, 0x0000000100000000)
  region size 1024K, 31 young (31744K), 4 survivors (4096K)
 Metaspace       used 34697K, committed 35072K, reserved 1081344K
  class space    used 4540K, committed 4736K, reserved 1048576K
}
Event: 2.048 GC heap after
{Heap after GC invocations=7 (full 0):
 garbage-first heap   total 68608K, used 23002K [0x0000000080000000, 0x0000000100000000)
  region size 1024K, 3 young (3072K), 3 survivors (3072K)
 Metaspace       used 34697K, committed 35072K, reserved 1081344K
  class space    used 4540K, committed 4736K, reserved 1048576K
}
Event: 2.096 GC heap before
{Heap before GC invocations=7 (full 0):
 garbage-first heap   total 68608K, used 28122K [0x0000000080000000, 0x0000000100000000)
  region size 1024K, 9 young (9216K), 3 survivors (3072K)
 Metaspace       used 35671K, committed 35968K, reserved 1081344K
  class space    used 4678K, committed 4800K, reserved 1048576K
}
Event: 2.098 GC heap after
{Heap after GC invocations=8 (full 0):
 garbage-first heap   total 68608K, used 23193K [0x0000000080000000, 0x0000000100000000)
  region size 1024K, 2 young (2048K), 2 survivors (2048K)
 Metaspace       used 35671K, committed 35968K, reserved 1081344K
  class space    used 4678K, committed 4800K, reserved 1048576K
}
Event: 2.382 GC heap before
{Heap before GC invocations=9 (full 0):
 garbage-first heap   total 68608K, used 51865K [0x0000000080000000, 0x0000000100000000)
  region size 1024K, 30 young (30720K), 2 survivors (2048K)
 Metaspace       used 39339K, committed 39616K, reserved 1089536K
  class space    used 5316K, committed 5440K, reserved 1048576K
}
Event: 2.383 GC heap after
{Heap after GC invocations=10 (full 0):
 garbage-first heap   total 68608K, used 24333K [0x0000000080000000, 0x0000000100000000)
  region size 1024K, 3 young (3072K), 3 survivors (3072K)
 Metaspace       used 39339K, committed 39616K, reserved 1089536K
  class space    used 5316K, committed 5440K, reserved 1048576K
}
Event: 2.673 GC heap before
{Heap before GC invocations=10 (full 0):
 garbage-first heap   total 68608K, used 51981K [0x0000000080000000, 0x0000000100000000)
  region size 1024K, 31 young (31744K), 3 survivors (3072K)
 Metaspace       used 45670K, committed 46016K, reserved 1089536K
  class space    used 6054K, committed 6208K, reserved 1048576K
}
Event: 2.675 GC heap after
{Heap after GC invocations=11 (full 0):
 garbage-first heap   total 68608K, used 27333K [0x0000000080000000, 0x0000000100000000)
  region size 1024K, 4 young (4096K), 4 survivors (4096K)
 Metaspace       used 45670K, committed 46016K, reserved 1089536K
  class space    used 6054K, committed 6208K, reserved 1048576K
}
Event: 2.787 GC heap before
{Heap before GC invocations=11 (full 0):
 garbage-first heap   total 68608K, used 51909K [0x0000000080000000, 0x0000000100000000)
  region size 1024K, 29 young (29696K), 4 survivors (4096K)
 Metaspace       used 47076K, committed 47424K, reserved 1097728K
  class space    used 6177K, committed 6336K, reserved 1048576K
}
Event: 2.789 GC heap after
{Heap after GC invocations=12 (full 0):
 garbage-first heap   total 68608K, used 30132K [0x0000000080000000, 0x0000000100000000)
  region size 1024K, 3 young (3072K), 3 survivors (3072K)
 Metaspace       used 47076K, committed 47424K, reserved 1097728K
  class space    used 6177K, committed 6336K, reserved 1048576K
}
Event: 2.856 GC heap before
{Heap before GC invocations=12 (full 0):
 garbage-first heap   total 68608K, used 39348K [0x0000000080000000, 0x0000000100000000)
  region size 1024K, 10 young (10240K), 3 survivors (3072K)
 Metaspace       used 47658K, committed 48064K, reserved 1097728K
  class space    used 6249K, committed 6400K, reserved 1048576K
}
Event: 2.858 GC heap after
{Heap after GC invocations=13 (full 0):
 garbage-first heap   total 395264K, used 32529K [0x0000000080000000, 0x0000000100000000)
  region size 1024K, 1 young (1024K), 1 survivors (1024K)
 Metaspace       used 47658K, committed 48064K, reserved 1097728K
  class space    used 6249K, committed 6400K, reserved 1048576K
}
Event: 3.831 GC heap before
{Heap before GC invocations=13 (full 0):
 garbage-first heap   total 395264K, used 149265K [0x0000000080000000, 0x0000000100000000)
  region size 1024K, 114 young (116736K), 1 survivors (1024K)
 Metaspace       used 59710K, committed 60160K, reserved 1105920K
  class space    used 8091K, committed 8320K, reserved 1048576K
}
Event: 3.834 GC heap after
{Heap after GC invocations=14 (full 0):
 garbage-first heap   total 395264K, used 36791K [0x0000000080000000, 0x0000000100000000)
  region size 1024K, 8 young (8192K), 8 survivors (8192K)
 Metaspace       used 59710K, committed 60160K, reserved 1105920K
  class space    used 8091K, committed 8320K, reserved 1048576K
}
Event: 4.227 GC heap before
{Heap before GC invocations=15 (full 0):
 garbage-first heap   total 133120K, used 114615K [0x0000000080000000, 0x0000000100000000)
  region size 1024K, 73 young (74752K), 8 survivors (8192K)
 Metaspace       used 61674K, committed 62208K, reserved 1105920K
  class space    used 8332K, committed 8576K, reserved 1048576K
}
Event: 4.232 GC heap after
{Heap after GC invocations=16 (full 0):
 garbage-first heap   total 139264K, used 61605K [0x0000000080000000, 0x0000000100000000)
  region size 1024K, 10 young (10240K), 10 survivors (10240K)
 Metaspace       used 61674K, committed 62208K, reserved 1105920K
  class space    used 8332K, committed 8576K, reserved 1048576K
}
Event: 4.478 GC heap before
{Heap before GC invocations=16 (full 0):
 garbage-first heap   total 139264K, used 104613K [0x0000000080000000, 0x0000000100000000)
  region size 1024K, 52 young (53248K), 10 survivors (10240K)
 Metaspace       used 65299K, committed 65856K, reserved 1105920K
  class space    used 8807K, committed 9088K, reserved 1048576K
}
Event: 4.480 GC heap after
{Heap after GC invocations=17 (full 0):
 garbage-first heap   total 139264K, used 64863K [0x0000000080000000, 0x0000000100000000)
  region size 1024K, 3 young (3072K), 3 survivors (3072K)
 Metaspace       used 65299K, committed 65856K, reserved 1105920K
  class space    used 8807K, committed 9088K, reserved 1048576K
}
Event: 4.814 GC heap before
{Heap before GC invocations=17 (full 0):
 garbage-first heap   total 139264K, used 106847K [0x0000000080000000, 0x0000000100000000)
  region size 1024K, 44 young (45056K), 3 survivors (3072K)
 Metaspace       used 70577K, committed 71232K, reserved 1114112K
  class space    used 9526K, committed 9856K, reserved 1048576K
}
Event: 4.816 GC heap after
{Heap after GC invocations=18 (full 0):
 garbage-first heap   total 139264K, used 67035K [0x0000000080000000, 0x0000000100000000)
  region size 1024K, 5 young (5120K), 5 survivors (5120K)
 Metaspace       used 70577K, committed 71232K, reserved 1114112K
  class space    used 9526K, committed 9856K, reserved 1048576K
}

