# JRE version: OpenJDK Runtime Environment (17.0.6) (build 17.0.6+0-b2043.56-10027231)
# Java VM: OpenJDK 64-Bit Server VM (17.0.6+0-b2043.56-10027231, mixed mode, tiered, compressed oops, compressed class ptrs, g1 gc, windows-amd64)
GC Precious Log:
 CPUs: 12 total, 12 available
 Memory: 44949M
 Large Page Support: Disabled
 NUMA Support: Disabled
 Compressed Oops: Enabled (32-bit)
 Heap Region Size: 1M
 Heap Min Capacity: 8M
 Heap Initial Capacity: 704M
 Heap Max Capacity: 2G
 Pre-touch: Disabled
 Parallel Workers: 10
 Concurrent Workers: 3
 Concurrent Refinement Workers: 10
 Periodic GC: Disabled
Heap:
 garbage-first heap   total 242688K, used 136068K [0x0000000080000000, 0x0000000100000000)
  region size 1024K, 56 young (57344K), 2 survivors (2048K)
 Metaspace       used 83167K, committed 83840K, reserved 1122304K
  class space    used 11240K, committed 11584K, reserved 1048576K
GC Heap History (20 events):
Event: 2.448 GC heap before
{Heap before GC invocations=9 (full 0):
 garbage-first heap   total 68608K, used 52086K [0x0000000080000000, 0x0000000100000000)
  region size 1024K, 30 young (30720K), 2 survivors (2048K)
 Metaspace       used 39430K, committed 39680K, reserved 1089536K
  class space    used 5324K, committed 5440K, reserved 1048576K
}
Event: 2.450 GC heap after
{Heap after GC invocations=10 (full 0):
 garbage-first heap   total 68608K, used 24444K [0x0000000080000000, 0x0000000100000000)
  region size 1024K, 3 young (3072K), 3 survivors (3072K)
 Metaspace       used 39430K, committed 39680K, reserved 1089536K
  class space    used 5324K, committed 5440K, reserved 1048576K
}
Event: 2.736 GC heap before
{Heap before GC invocations=10 (full 0):
 garbage-first heap   total 68608K, used 52092K [0x0000000080000000, 0x0000000100000000)
  region size 1024K, 31 young (31744K), 3 survivors (3072K)
 Metaspace       used 45850K, committed 46208K, reserved 1089536K
  class space    used 6082K, committed 6272K, reserved 1048576K
}
Event: 2.738 GC heap after
{Heap after GC invocations=11 (full 0):
 garbage-first heap   total 68608K, used 27430K [0x0000000080000000, 0x0000000100000000)
  region size 1024K, 4 young (4096K), 4 survivors (4096K)
 Metaspace       used 45850K, committed 46208K, reserved 1089536K
  class space    used 6082K, committed 6272K, reserved 1048576K
}
Event: 2.855 GC heap before
{Heap before GC invocations=11 (full 0):
 garbage-first heap   total 68608K, used 52006K [0x0000000080000000, 0x0000000100000000)
  region size 1024K, 29 young (29696K), 4 survivors (4096K)
 Metaspace       used 47195K, committed 47616K, reserved 1097728K
  class space    used 6189K, committed 6400K, reserved 1048576K
}
Event: 2.857 GC heap after
{Heap after GC invocations=12 (full 0):
 garbage-first heap   total 68608K, used 30251K [0x0000000080000000, 0x0000000100000000)
  region size 1024K, 3 young (3072K), 3 survivors (3072K)
 Metaspace       used 47195K, committed 47616K, reserved 1097728K
  class space    used 6189K, committed 6400K, reserved 1048576K
}
Event: 2.903 GC heap before
{Heap before GC invocations=12 (full 0):
 garbage-first heap   total 68608K, used 38443K [0x0000000080000000, 0x0000000100000000)
  region size 1024K, 10 young (10240K), 3 survivors (3072K)
 Metaspace       used 47667K, committed 48000K, reserved 1097728K
  class space    used 6245K, committed 6400K, reserved 1048576K
}
Event: 2.905 GC heap after
{Heap after GC invocations=13 (full 0):
 garbage-first heap   total 395264K, used 32606K [0x0000000080000000, 0x0000000100000000)
  region size 1024K, 1 young (1024K), 1 survivors (1024K)
 Metaspace       used 47667K, committed 48000K, reserved 1097728K
  class space    used 6245K, committed 6400K, reserved 1048576K
}
Event: 3.922 GC heap before
{Heap before GC invocations=13 (full 0):
 garbage-first heap   total 395264K, used 151390K [0x0000000080000000, 0x0000000100000000)
  region size 1024K, 116 young (118784K), 1 survivors (1024K)
 Metaspace       used 59788K, committed 60288K, reserved 1105920K
  class space    used 8101K, committed 8384K, reserved 1048576K
}
Event: 3.926 GC heap after
{Heap after GC invocations=14 (full 0):
 garbage-first heap   total 395264K, used 36858K [0x0000000080000000, 0x0000000100000000)
  region size 1024K, 7 young (7168K), 7 survivors (7168K)
 Metaspace       used 59788K, committed 60288K, reserved 1105920K
  class space    used 8101K, committed 8384K, reserved 1048576K
}
Event: 4.323 GC heap before
{Heap before GC invocations=15 (full 0):
 garbage-first heap   total 130048K, used 113658K [0x0000000080000000, 0x0000000100000000)
  region size 1024K, 70 young (71680K), 7 survivors (7168K)
 Metaspace       used 61628K, committed 62144K, reserved 1105920K
  class space    used 8323K, committed 8576K, reserved 1048576K
}
Event: 4.328 GC heap after
{Heap after GC invocations=16 (full 0):
 garbage-first heap   total 136192K, used 61847K [0x0000000080000000, 0x0000000100000000)
  region size 1024K, 10 young (10240K), 10 survivors (10240K)
 Metaspace       used 61628K, committed 62144K, reserved 1105920K
  class space    used 8323K, committed 8576K, reserved 1048576K
}
Event: 4.598 GC heap before
{Heap before GC invocations=16 (full 0):
 garbage-first heap   total 136192K, used 101783K [0x0000000080000000, 0x0000000100000000)
  region size 1024K, 50 young (51200K), 10 survivors (10240K)
 Metaspace       used 64977K, committed 65536K, reserved 1105920K
  class space    used 8781K, committed 9024K, reserved 1048576K
}
Event: 4.602 GC heap after
{Heap after GC invocations=17 (full 0):
 garbage-first heap   total 136192K, used 65430K [0x0000000080000000, 0x0000000100000000)
  region size 1024K, 3 young (3072K), 3 survivors (3072K)
 Metaspace       used 64977K, committed 65536K, reserved 1105920K
  class space    used 8781K, committed 9024K, reserved 1048576K
}
Event: 4.932 GC heap before
{Heap before GC invocations=17 (full 0):
 garbage-first heap   total 136192K, used 105366K [0x0000000080000000, 0x0000000100000000)
  region size 1024K, 42 young (43008K), 3 survivors (3072K)
 Metaspace       used 69862K, committed 70464K, reserved 1114112K
  class space    used 9441K, committed 9728K, reserved 1048576K
}
Event: 4.935 GC heap after
{Heap after GC invocations=18 (full 0):
 garbage-first heap   total 429056K, used 66108K [0x0000000080000000, 0x0000000100000000)
  region size 1024K, 4 young (4096K), 4 survivors (4096K)
 Metaspace       used 69862K, committed 70464K, reserved 1114112K
  class space    used 9441K, committed 9728K, reserved 1048576K
}
Event: 5.851 GC heap before
{Heap before GC invocations=19 (full 0):
 garbage-first heap   total 242688K, used 220732K [0x0000000080000000, 0x0000000100000000)
  region size 1024K, 146 young (149504K), 4 survivors (4096K)
 Metaspace       used 81367K, committed 82048K, reserved 1122304K
  class space    used 11005K, committed 11328K, reserved 1048576K
}
Event: 5.855 GC heap after
{Heap after GC invocations=20 (full 0):
 garbage-first heap   total 242688K, used 80415K [0x0000000080000000, 0x0000000100000000)
  region size 1024K, 14 young (14336K), 14 survivors (14336K)
 Metaspace       used 81367K, committed 82048K, reserved 1122304K
  class space    used 11005K, committed 11328K, reserved 1048576K
}
Event: 5.860 GC heap before
{Heap before GC invocations=20 (full 0):
 garbage-first heap   total 242688K, used 81439K [0x0000000080000000, 0x0000000100000000)
  region size 1024K, 15 young (15360K), 14 survivors (14336K)
 Metaspace       used 81423K, committed 82048K, reserved 1122304K
  class space    used 11015K, committed 11328K, reserved 1048576K
}
Event: 5.863 GC heap after
{Heap after GC invocations=21 (full 0):
 garbage-first heap   total 242688K, used 81796K [0x0000000080000000, 0x0000000100000000)
  region size 1024K, 2 young (2048K), 2 survivors (2048K)
 Metaspace       used 81423K, committed 82048K, reserved 1122304K
  class space    used 11015K, committed 11328K, reserved 1048576K
}

