# JRE version: OpenJDK Runtime Environment (17.0.6) (build 17.0.6+0-b2043.56-10027231)
# Java VM: OpenJDK 64-Bit Server VM (17.0.6+0-b2043.56-10027231, mixed mode, tiered, compressed oops, compressed class ptrs, g1 gc, windows-amd64)
GC Precious Log:
 CPUs: 12 total, 12 available
 Memory: 44949M
 Large Page Support: Disabled
 NUMA Support: Disabled
 Compressed Oops: Enabled (32-bit)
 Heap Region Size: 1M
 Heap Min Capacity: 8M
 Heap Initial Capacity: 704M
 Heap Max Capacity: 2G
 Pre-touch: Disabled
 Parallel Workers: 10
 Concurrent Workers: 3
 Concurrent Refinement Workers: 10
 Periodic GC: Disabled
Heap:
 garbage-first heap   total 263168K, used 203302K [0x0000000080000000, 0x0000000100000000)
  region size 1024K, 59 young (60416K), 8 survivors (8192K)
 Metaspace       used 102062K, committed 102784K, reserved 1138688K
  class space    used 14129K, committed 14464K, reserved 1048576K
GC Heap History (20 events):
Event: 3.011 GC heap before
{Heap before GC invocations=10 (full 0):
 garbage-first heap   total 86016K, used 65569K [0x0000000080000000, 0x0000000100000000)
  region size 1024K, 17 young (17408K), 2 survivors (2048K)
 Metaspace       used 32644K, committed 33024K, reserved 1081344K
  class space    used 4499K, committed 4672K, reserved 1048576K
}
Event: 3.012 GC heap after
{Heap after GC invocations=11 (full 0):
 garbage-first heap   total 86016K, used 51058K [0x0000000080000000, 0x0000000100000000)
  region size 1024K, 1 young (1024K), 1 survivors (1024K)
 Metaspace       used 32644K, committed 33024K, reserved 1081344K
  class space    used 4499K, committed 4672K, reserved 1048576K
}
Event: 3.194 GC heap before
{Heap before GC invocations=12 (full 0):
 garbage-first heap   total 89088K, used 66418K [0x0000000080000000, 0x0000000100000000)
  region size 1024K, 16 young (16384K), 1 survivors (1024K)
 Metaspace       used 34517K, committed 34880K, reserved 1081344K
  class space    used 4806K, committed 4992K, reserved 1048576K
}
Event: 3.195 GC heap after
{Heap after GC invocations=13 (full 0):
 garbage-first heap   total 89088K, used 51622K [0x0000000080000000, 0x0000000100000000)
  region size 1024K, 2 young (2048K), 2 survivors (2048K)
 Metaspace       used 34517K, committed 34880K, reserved 1081344K
  class space    used 4806K, committed 4992K, reserved 1048576K
}
Event: 3.394 GC heap before
{Heap before GC invocations=13 (full 0):
 garbage-first heap   total 89088K, used 69030K [0x0000000080000000, 0x0000000100000000)
  region size 1024K, 20 young (20480K), 2 survivors (2048K)
 Metaspace       used 37681K, committed 38080K, reserved 1089536K
  class space    used 5222K, committed 5440K, reserved 1048576K
}
Event: 3.396 GC heap after
{Heap after GC invocations=14 (full 0):
 garbage-first heap   total 89088K, used 53008K [0x0000000080000000, 0x0000000100000000)
  region size 1024K, 3 young (3072K), 3 survivors (3072K)
 Metaspace       used 37681K, committed 38080K, reserved 1089536K
  class space    used 5222K, committed 5440K, reserved 1048576K
}
Event: 3.572 GC heap before
{Heap before GC invocations=15 (full 0):
 garbage-first heap   total 92160K, used 70416K [0x0000000080000000, 0x0000000100000000)
  region size 1024K, 21 young (21504K), 3 survivors (3072K)
 Metaspace       used 42297K, committed 42624K, reserved 1089536K
  class space    used 5684K, committed 5824K, reserved 1048576K
}
Event: 3.575 GC heap after
{Heap after GC invocations=16 (full 0):
 garbage-first heap   total 406528K, used 55550K [0x0000000080000000, 0x0000000100000000)
  region size 1024K, 3 young (3072K), 3 survivors (3072K)
 Metaspace       used 42297K, committed 42624K, reserved 1089536K
  class space    used 5684K, committed 5824K, reserved 1048576K
}
Event: 6.566 GC heap before
{Heap before GC invocations=16 (full 0):
 garbage-first heap   total 406528K, used 277758K [0x0000000080000000, 0x0000000100000000)
  region size 1024K, 212 young (217088K), 3 survivors (3072K)
 Metaspace       used 63207K, committed 63808K, reserved 1105920K
  class space    used 8538K, committed 8832K, reserved 1048576K
}
Event: 6.574 GC heap after
{Heap after GC invocations=17 (full 0):
 garbage-first heap   total 406528K, used 76421K [0x0000000080000000, 0x0000000100000000)
  region size 1024K, 21 young (21504K), 21 survivors (21504K)
 Metaspace       used 63207K, committed 63808K, reserved 1105920K
  class space    used 8538K, committed 8832K, reserved 1048576K
}
Event: 9.413 GC heap before
{Heap before GC invocations=18 (full 0):
 garbage-first heap   total 263168K, used 224429K [0x0000000080000000, 0x0000000100000000)
  region size 1024K, 154 young (157696K), 21 survivors (21504K)
 Metaspace       used 75330K, committed 76032K, reserved 1122304K
  class space    used 10152K, committed 10496K, reserved 1048576K
}
Event: 9.421 GC heap after
{Heap after GC invocations=19 (full 0):
 garbage-first heap   total 263168K, used 103946K [0x0000000080000000, 0x0000000100000000)
  region size 1024K, 17 young (17408K), 17 survivors (17408K)
 Metaspace       used 75330K, committed 76032K, reserved 1122304K
  class space    used 10152K, committed 10496K, reserved 1048576K
}
Event: 10.328 GC heap before
{Heap before GC invocations=19 (full 0):
 garbage-first heap   total 263168K, used 214538K [0x0000000080000000, 0x0000000100000000)
  region size 1024K, 115 young (117760K), 17 survivors (17408K)
 Metaspace       used 81579K, committed 82304K, reserved 1122304K
  class space    used 11024K, committed 11392K, reserved 1048576K
}
Event: 10.333 GC heap after
{Heap after GC invocations=20 (full 0):
 garbage-first heap   total 263168K, used 115711K [0x0000000080000000, 0x0000000100000000)
  region size 1024K, 9 young (9216K), 9 survivors (9216K)
 Metaspace       used 81579K, committed 82304K, reserved 1122304K
  class space    used 11024K, committed 11392K, reserved 1048576K
}
Event: 11.367 GC heap before
{Heap before GC invocations=20 (full 0):
 garbage-first heap   total 263168K, used 210943K [0x0000000080000000, 0x0000000100000000)
  region size 1024K, 102 young (104448K), 9 survivors (9216K)
 Metaspace       used 87798K, committed 88512K, reserved 1130496K
  class space    used 11863K, committed 12224K, reserved 1048576K
}
Event: 11.371 GC heap after
{Heap after GC invocations=21 (full 0):
 garbage-first heap   total 263168K, used 123625K [0x0000000080000000, 0x0000000100000000)
  region size 1024K, 8 young (8192K), 8 survivors (8192K)
 Metaspace       used 87798K, committed 88512K, reserved 1130496K
  class space    used 11863K, committed 12224K, reserved 1048576K
}
Event: 12.210 GC heap before
{Heap before GC invocations=21 (full 0):
 garbage-first heap   total 263168K, used 213737K [0x0000000080000000, 0x0000000100000000)
  region size 1024K, 96 young (98304K), 8 survivors (8192K)
 Metaspace       used 93337K, committed 94144K, reserved 1130496K
  class space    used 12807K, committed 13184K, reserved 1048576K
}
Event: 12.213 GC heap after
{Heap after GC invocations=22 (full 0):
 garbage-first heap   total 263168K, used 127496K [0x0000000080000000, 0x0000000100000000)
  region size 1024K, 5 young (5120K), 5 survivors (5120K)
 Metaspace       used 93337K, committed 94144K, reserved 1130496K
  class space    used 12807K, committed 13184K, reserved 1048576K
}
Event: 13.008 GC heap before
{Heap before GC invocations=22 (full 0):
 garbage-first heap   total 263168K, used 202248K [0x0000000080000000, 0x0000000100000000)
  region size 1024K, 79 young (80896K), 5 survivors (5120K)
 Metaspace       used 98838K, committed 99584K, reserved 1138688K
  class space    used 13612K, committed 13952K, reserved 1048576K
}
Event: 13.012 GC heap after
{Heap after GC invocations=23 (full 0):
 garbage-first heap   total 263168K, used 130598K [0x0000000080000000, 0x0000000100000000)
  region size 1024K, 8 young (8192K), 8 survivors (8192K)
 Metaspace       used 98838K, committed 99584K, reserved 1138688K
  class space    used 13612K, committed 13952K, reserved 1048576K
}

